This file contains any messages produced by compilers while
running configure, to aid debugging if configure makes a mistake.

It was created by asio configure 1.18.1, which was
generated by GNU Autoconf 2.69.  Invocation command line was

  $ ./configure --with-boost=/usr/local/Cellar/boost/1.75.0/include/

## --------- ##
## Platform. ##
## --------- ##

hostname = shenmengyedeMacBook-Pro.local
uname -m = x86_64
uname -r = 19.6.0
uname -s = Darwin
uname -v = Darwin Kernel Version 19.6.0: Mon Aug 31 22:12:52 PDT 2020; root:xnu-6153.141.2~1/RELEASE_X86_64

/usr/bin/uname -p = i386
/bin/uname -X     = unknown

/bin/arch              = unknown
/usr/bin/arch -k       = unknown
/usr/convex/getsysinfo = unknown
/usr/bin/hostinfo      = Mach kernel version:
	 Darwin Kernel Version 19.6.0: Mon Aug 31 22:12:52 PDT 2020; root:xnu-6153.141.2~1/RELEASE_X86_64
Kernel configured for up to 8 processors.
4 processors are physically available.
8 processors are logically available.
Processor type: x86_64h (Intel x86-64h Haswell)
Processors active: 0 1 2 3 4 5 6 7
Primary memory available: 16.00 gigabytes
Default processor set: 512 tasks, 2969 threads, 8 processors
Load average: 2.54, Mach factor: 5.45
/bin/machine           = unknown
/usr/bin/oslevel       = unknown
/bin/universe          = unknown

PATH: /Users/nomoshen/.cargo/bin
PATH: /usr/local/bin
PATH: /usr/bin
PATH: /bin
PATH: /usr/sbin
PATH: /sbin
PATH: /Applications/VMware Fusion.app/Contents/Public
PATH: /Library/Apple/usr/bin
PATH: /Users/nomoshen/qbox/base/qiniu/bin
PATH: /Users/nomoshen/qbox/base/biz/bin
PATH: /Users/nomoshen/qbox/base/cgo/bin
PATH: /Users/nomoshen/qbox/base/com/bin
PATH: /Users/nomoshen/qbox/base/portal/bin
PATH: /Users/nomoshen/qbox/base/mockacc/bin
PATH: /usr/local/Cellar/mongodb-community@3.4/3.4.24/bin
PATH: /Users/nomoshen/selfApp/tool
PATH: /Users/nomoshen/selfApp/apache-maven-3.6.3/bin
PATH: /Users/nomoshen/selfApp/cmake/bin


## ----------- ##
## Core tests. ##
## ----------- ##

configure:2124: checking whether to enable maintainer-specific portions of Makefiles
configure:2133: result: no
configure:2191: checking for a BSD-compatible install
configure:2259: result: /usr/bin/install -c
configure:2270: checking whether build environment is sane
configure:2325: result: yes
configure:2476: checking for a thread-safe mkdir -p
configure:2515: result: ./install-sh -c -d
configure:2522: checking for gawk
configure:2552: result: no
configure:2522: checking for mawk
configure:2552: result: no
configure:2522: checking for nawk
configure:2552: result: no
configure:2522: checking for awk
configure:2538: found /usr/bin/awk
configure:2549: result: awk
configure:2560: checking whether make sets $(MAKE)
configure:2582: result: yes
configure:2611: checking whether make supports nested variables
configure:2628: result: yes
configure:2717: checking whether UID '501' is supported by ustar format
configure:2720: result: yes
configure:2727: checking whether GID '20' is supported by ustar format
configure:2730: result: yes
configure:2738: checking how to create a ustar tar archive
configure:2749: tar --version
bsdtar 3.3.2 - libarchive 3.3.2 zlib/1.2.11 liblzma/5.0.5 bz2lib/1.0.6
configure:2752: $? = 0
configure:2792: tardir=conftest.dir && eval tar --format=ustar -chf - "$tardir" >conftest.tar
configure:2795: $? = 0
configure:2799: tar -xf - <conftest.tar
configure:2802: $? = 0
configure:2804: cat conftest.dir/file
GrepMe
configure:2807: $? = 0
configure:2820: result: gnutar
configure:2875: checking build system type
configure:2889: result: x86_64-apple-darwin19.6.0
configure:2909: checking host system type
configure:2922: result: x86_64-apple-darwin19.6.0
configure:2946: checking whether make supports the include directive
configure:2961: make -f confmf.GNU && cat confinc.out
this is the am__doit target
configure:2964: $? = 0
configure:2983: result: yes (GNU style)
configure:3053: checking for gcc
configure:3069: found /usr/bin/gcc
configure:3080: result: gcc
configure:3309: checking for C compiler version
configure:3318: gcc --version >&5
Apple clang version 12.0.0 (clang-1200.0.32.28)
Target: x86_64-apple-darwin19.6.0
Thread model: posix
InstalledDir: /Applications/Xcode.app/Contents/Developer/Toolchains/XcodeDefault.xctoolchain/usr/bin
Configured with: --prefix=/Applications/Xcode.app/Contents/Developer/usr --with-gxx-include-dir=/Library/Developer/CommandLineTools/SDKs/MacOSX.sdk/usr/include/c++/4.2.1
configure:3329: $? = 0
configure:3318: gcc -v >&5
Configured with: --prefix=/Applications/Xcode.app/Contents/Developer/usr --with-gxx-include-dir=/Library/Developer/CommandLineTools/SDKs/MacOSX.sdk/usr/include/c++/4.2.1
Apple clang version 12.0.0 (clang-1200.0.32.28)
Target: x86_64-apple-darwin19.6.0
Thread model: posix
InstalledDir: /Applications/Xcode.app/Contents/Developer/Toolchains/XcodeDefault.xctoolchain/usr/bin
configure:3329: $? = 0
configure:3318: gcc -V >&5
clang: error: argument to '-V' is missing (expected 1 value)
clang: error: no input files
configure:3329: $? = 1
configure:3318: gcc -qversion >&5
clang: error: unknown argument '-qversion'; did you mean '--version'?
clang: error: no input files
configure:3329: $? = 1
configure:3349: checking whether the C compiler works
configure:3371: gcc    conftest.c  >&5
configure:3375: $? = 0
configure:3423: result: yes
configure:3426: checking for C compiler default output file name
configure:3428: result: a.out
configure:3434: checking for suffix of executables
configure:3441: gcc -o conftest    conftest.c  >&5
configure:3445: $? = 0
configure:3467: result: 
configure:3489: checking whether we are cross compiling
configure:3497: gcc -o conftest    conftest.c  >&5
configure:3501: $? = 0
configure:3508: ./conftest
configure:3512: $? = 0
configure:3527: result: no
configure:3532: checking for suffix of object files
configure:3554: gcc -c   conftest.c >&5
configure:3558: $? = 0
configure:3579: result: o
configure:3583: checking whether we are using the GNU C compiler
configure:3602: gcc -c   conftest.c >&5
configure:3602: $? = 0
configure:3611: result: yes
configure:3620: checking whether gcc accepts -g
configure:3640: gcc -c -g  conftest.c >&5
configure:3640: $? = 0
configure:3681: result: yes
configure:3698: checking for gcc option to accept ISO C89
configure:3761: gcc  -c -g -O2  conftest.c >&5
configure:3761: $? = 0
configure:3774: result: none needed
configure:3799: checking whether gcc understands -c and -o together
configure:3821: gcc -c conftest.c -o conftest2.o
configure:3824: $? = 0
configure:3821: gcc -c conftest.c -o conftest2.o
configure:3824: $? = 0
configure:3836: result: yes
configure:3855: checking dependency style of gcc
configure:3966: result: gcc3
configure:4040: checking for g++
configure:4056: found /usr/bin/g++
configure:4067: result: g++
configure:4094: checking for C++ compiler version
configure:4103: g++ --version >&5
Apple clang version 12.0.0 (clang-1200.0.32.28)
Target: x86_64-apple-darwin19.6.0
Thread model: posix
InstalledDir: /Applications/Xcode.app/Contents/Developer/Toolchains/XcodeDefault.xctoolchain/usr/bin
Configured with: --prefix=/Applications/Xcode.app/Contents/Developer/usr --with-gxx-include-dir=/Library/Developer/CommandLineTools/SDKs/MacOSX.sdk/usr/include/c++/4.2.1
configure:4114: $? = 0
configure:4103: g++ -v >&5
Configured with: --prefix=/Applications/Xcode.app/Contents/Developer/usr --with-gxx-include-dir=/Library/Developer/CommandLineTools/SDKs/MacOSX.sdk/usr/include/c++/4.2.1
Apple clang version 12.0.0 (clang-1200.0.32.28)
Target: x86_64-apple-darwin19.6.0
Thread model: posix
InstalledDir: /Applications/Xcode.app/Contents/Developer/Toolchains/XcodeDefault.xctoolchain/usr/bin
configure:4114: $? = 0
configure:4103: g++ -V >&5
clang: error: argument to '-V' is missing (expected 1 value)
clang: error: no input files
configure:4114: $? = 1
configure:4103: g++ -qversion >&5
clang: error: unknown argument '-qversion'; did you mean '--version'?
clang: error: no input files
configure:4114: $? = 1
configure:4118: checking whether we are using the GNU C++ compiler
configure:4137: g++ -c   conftest.cpp >&5
configure:4137: $? = 0
configure:4146: result: yes
configure:4155: checking whether g++ accepts -g
configure:4175: g++ -c -g  conftest.cpp >&5
configure:4175: $? = 0
configure:4216: result: yes
configure:4241: checking dependency style of g++
configure:4352: result: gcc3
configure:4416: checking for ranlib
configure:4432: found /usr/bin/ranlib
configure:4443: result: ranlib
configure:4514: checking how to run the C++ preprocessor
configure:4541: g++ -E  -I/usr/local/Cellar/boost/1.75.0/include/ -DASIO_ENABLE_BOOST -DBOOST_CHRONO_HEADER_ONLY -DBOOST_CHRONO_DONT_PROVIDE_HYBRID_ERROR_HANDLING conftest.cpp
configure:4541: $? = 0
configure:4555: g++ -E  -I/usr/local/Cellar/boost/1.75.0/include/ -DASIO_ENABLE_BOOST -DBOOST_CHRONO_HEADER_ONLY -DBOOST_CHRONO_DONT_PROVIDE_HYBRID_ERROR_HANDLING conftest.cpp
conftest.cpp:12:10: fatal error: 'ac_nonexistent.h' file not found
#include <ac_nonexistent.h>
         ^~~~~~~~~~~~~~~~~~
1 error generated.
configure:4555: $? = 1
configure: failed program was:
| /* confdefs.h */
| #define PACKAGE_NAME "asio"
| #define PACKAGE_TARNAME "asio"
| #define PACKAGE_VERSION "1.18.1"
| #define PACKAGE_STRING "asio 1.18.1"
| #define PACKAGE_BUGREPORT ""
| #define PACKAGE_URL ""
| #define PACKAGE "asio"
| #define VERSION "1.18.1"
| #define _REENTRANT 1
| /* end confdefs.h.  */
| #include <ac_nonexistent.h>
configure:4580: result: g++ -E
configure:4600: g++ -E  -I/usr/local/Cellar/boost/1.75.0/include/ -DASIO_ENABLE_BOOST -DBOOST_CHRONO_HEADER_ONLY -DBOOST_CHRONO_DONT_PROVIDE_HYBRID_ERROR_HANDLING conftest.cpp
configure:4600: $? = 0
configure:4614: g++ -E  -I/usr/local/Cellar/boost/1.75.0/include/ -DASIO_ENABLE_BOOST -DBOOST_CHRONO_HEADER_ONLY -DBOOST_CHRONO_DONT_PROVIDE_HYBRID_ERROR_HANDLING conftest.cpp
conftest.cpp:12:10: fatal error: 'ac_nonexistent.h' file not found
#include <ac_nonexistent.h>
         ^~~~~~~~~~~~~~~~~~
1 error generated.
configure:4614: $? = 1
configure: failed program was:
| /* confdefs.h */
| #define PACKAGE_NAME "asio"
| #define PACKAGE_TARNAME "asio"
| #define PACKAGE_VERSION "1.18.1"
| #define PACKAGE_STRING "asio 1.18.1"
| #define PACKAGE_BUGREPORT ""
| #define PACKAGE_URL ""
| #define PACKAGE "asio"
| #define VERSION "1.18.1"
| #define _REENTRANT 1
| /* end confdefs.h.  */
| #include <ac_nonexistent.h>
configure:4643: checking for grep that handles long lines and -e
configure:4701: result: /usr/bin/grep
configure:4706: checking for egrep
configure:4768: result: /usr/bin/grep -E
configure:4773: checking for ANSI C header files
configure:4793: g++ -c -g -O2  -I/usr/local/Cellar/boost/1.75.0/include/ -DASIO_ENABLE_BOOST -DBOOST_CHRONO_HEADER_ONLY -DBOOST_CHRONO_DONT_PROVIDE_HYBRID_ERROR_HANDLING conftest.cpp >&5
configure:4793: $? = 0
configure:4866: g++ -o conftest -g -O2  -I/usr/local/Cellar/boost/1.75.0/include/ -DASIO_ENABLE_BOOST -DBOOST_CHRONO_HEADER_ONLY -DBOOST_CHRONO_DONT_PROVIDE_HYBRID_ERROR_HANDLING  conftest.cpp  -L/usr/local/Cellar/boost/1.75.0/include//stage/lib >&5
ld: warning: directory not found for option '-L/usr/local/Cellar/boost/1.75.0/include//stage/lib'
configure:4866: $? = 0
configure:4866: ./conftest
configure:4866: $? = 0
configure:4877: result: yes
configure:4890: checking for sys/types.h
configure:4890: g++ -c -g -O2  -I/usr/local/Cellar/boost/1.75.0/include/ -DASIO_ENABLE_BOOST -DBOOST_CHRONO_HEADER_ONLY -DBOOST_CHRONO_DONT_PROVIDE_HYBRID_ERROR_HANDLING conftest.cpp >&5
configure:4890: $? = 0
configure:4890: result: yes
configure:4890: checking for sys/stat.h
configure:4890: g++ -c -g -O2  -I/usr/local/Cellar/boost/1.75.0/include/ -DASIO_ENABLE_BOOST -DBOOST_CHRONO_HEADER_ONLY -DBOOST_CHRONO_DONT_PROVIDE_HYBRID_ERROR_HANDLING conftest.cpp >&5
configure:4890: $? = 0
configure:4890: result: yes
configure:4890: checking for stdlib.h
configure:4890: g++ -c -g -O2  -I/usr/local/Cellar/boost/1.75.0/include/ -DASIO_ENABLE_BOOST -DBOOST_CHRONO_HEADER_ONLY -DBOOST_CHRONO_DONT_PROVIDE_HYBRID_ERROR_HANDLING conftest.cpp >&5
configure:4890: $? = 0
configure:4890: result: yes
configure:4890: checking for string.h
configure:4890: g++ -c -g -O2  -I/usr/local/Cellar/boost/1.75.0/include/ -DASIO_ENABLE_BOOST -DBOOST_CHRONO_HEADER_ONLY -DBOOST_CHRONO_DONT_PROVIDE_HYBRID_ERROR_HANDLING conftest.cpp >&5
configure:4890: $? = 0
configure:4890: result: yes
configure:4890: checking for memory.h
configure:4890: g++ -c -g -O2  -I/usr/local/Cellar/boost/1.75.0/include/ -DASIO_ENABLE_BOOST -DBOOST_CHRONO_HEADER_ONLY -DBOOST_CHRONO_DONT_PROVIDE_HYBRID_ERROR_HANDLING conftest.cpp >&5
configure:4890: $? = 0
configure:4890: result: yes
configure:4890: checking for strings.h
configure:4890: g++ -c -g -O2  -I/usr/local/Cellar/boost/1.75.0/include/ -DASIO_ENABLE_BOOST -DBOOST_CHRONO_HEADER_ONLY -DBOOST_CHRONO_DONT_PROVIDE_HYBRID_ERROR_HANDLING conftest.cpp >&5
configure:4890: $? = 0
configure:4890: result: yes
configure:4890: checking for inttypes.h
configure:4890: g++ -c -g -O2  -I/usr/local/Cellar/boost/1.75.0/include/ -DASIO_ENABLE_BOOST -DBOOST_CHRONO_HEADER_ONLY -DBOOST_CHRONO_DONT_PROVIDE_HYBRID_ERROR_HANDLING conftest.cpp >&5
configure:4890: $? = 0
configure:4890: result: yes
configure:4890: checking for stdint.h
configure:4890: g++ -c -g -O2  -I/usr/local/Cellar/boost/1.75.0/include/ -DASIO_ENABLE_BOOST -DBOOST_CHRONO_HEADER_ONLY -DBOOST_CHRONO_DONT_PROVIDE_HYBRID_ERROR_HANDLING conftest.cpp >&5
configure:4890: $? = 0
configure:4890: result: yes
configure:4890: checking for unistd.h
configure:4890: g++ -c -g -O2  -I/usr/local/Cellar/boost/1.75.0/include/ -DASIO_ENABLE_BOOST -DBOOST_CHRONO_HEADER_ONLY -DBOOST_CHRONO_DONT_PROVIDE_HYBRID_ERROR_HANDLING conftest.cpp >&5
configure:4890: $? = 0
configure:4890: result: yes
configure:4902: checking boost/noncopyable.hpp usability
configure:4902: g++ -c -g -O2  -I/usr/local/Cellar/boost/1.75.0/include/ -DASIO_ENABLE_BOOST -DBOOST_CHRONO_HEADER_ONLY -DBOOST_CHRONO_DONT_PROVIDE_HYBRID_ERROR_HANDLING conftest.cpp >&5
configure:4902: $? = 0
configure:4902: result: yes
configure:4902: checking boost/noncopyable.hpp presence
configure:4902: g++ -E  -I/usr/local/Cellar/boost/1.75.0/include/ -DASIO_ENABLE_BOOST -DBOOST_CHRONO_HEADER_ONLY -DBOOST_CHRONO_DONT_PROVIDE_HYBRID_ERROR_HANDLING conftest.cpp
configure:4902: $? = 0
configure:4902: result: yes
configure:4902: checking for boost/noncopyable.hpp
configure:4902: result: yes
configure:4927: checking openssl/ssl.h usability
configure:4927: g++ -c -g -O2  -I/usr/local/Cellar/boost/1.75.0/include/ -DASIO_ENABLE_BOOST -DBOOST_CHRONO_HEADER_ONLY -DBOOST_CHRONO_DONT_PROVIDE_HYBRID_ERROR_HANDLING conftest.cpp >&5
conftest.cpp:55:10: fatal error: 'openssl/ssl.h' file not found
#include <openssl/ssl.h>
         ^~~~~~~~~~~~~~~
1 error generated.
configure:4927: $? = 1
configure: failed program was:
| /* confdefs.h */
| #define PACKAGE_NAME "asio"
| #define PACKAGE_TARNAME "asio"
| #define PACKAGE_VERSION "1.18.1"
| #define PACKAGE_STRING "asio 1.18.1"
| #define PACKAGE_BUGREPORT ""
| #define PACKAGE_URL ""
| #define PACKAGE "asio"
| #define VERSION "1.18.1"
| #define _REENTRANT 1
| #define STDC_HEADERS 1
| #define HAVE_SYS_TYPES_H 1
| #define HAVE_SYS_STAT_H 1
| #define HAVE_STDLIB_H 1
| #define HAVE_STRING_H 1
| #define HAVE_MEMORY_H 1
| #define HAVE_STRINGS_H 1
| #define HAVE_INTTYPES_H 1
| #define HAVE_STDINT_H 1
| #define HAVE_UNISTD_H 1
| /* end confdefs.h.  */
| #include <stdio.h>
| #ifdef HAVE_SYS_TYPES_H
| # include <sys/types.h>
| #endif
| #ifdef HAVE_SYS_STAT_H
| # include <sys/stat.h>
| #endif
| #ifdef STDC_HEADERS
| # include <stdlib.h>
| # include <stddef.h>
| #else
| # ifdef HAVE_STDLIB_H
| #  include <stdlib.h>
| # endif
| #endif
| #ifdef HAVE_STRING_H
| # if !defined STDC_HEADERS && defined HAVE_MEMORY_H
| #  include <memory.h>
| # endif
| # include <string.h>
| #endif
| #ifdef HAVE_STRINGS_H
| # include <strings.h>
| #endif
| #ifdef HAVE_INTTYPES_H
| # include <inttypes.h>
| #endif
| #ifdef HAVE_STDINT_H
| # include <stdint.h>
| #endif
| #ifdef HAVE_UNISTD_H
| # include <unistd.h>
| #endif
| #include <openssl/ssl.h>
configure:4927: result: no
configure:4927: checking openssl/ssl.h presence
configure:4927: g++ -E  -I/usr/local/Cellar/boost/1.75.0/include/ -DASIO_ENABLE_BOOST -DBOOST_CHRONO_HEADER_ONLY -DBOOST_CHRONO_DONT_PROVIDE_HYBRID_ERROR_HANDLING conftest.cpp
conftest.cpp:22:10: fatal error: 'openssl/ssl.h' file not found
#include <openssl/ssl.h>
         ^~~~~~~~~~~~~~~
1 error generated.
configure:4927: $? = 1
configure: failed program was:
| /* confdefs.h */
| #define PACKAGE_NAME "asio"
| #define PACKAGE_TARNAME "asio"
| #define PACKAGE_VERSION "1.18.1"
| #define PACKAGE_STRING "asio 1.18.1"
| #define PACKAGE_BUGREPORT ""
| #define PACKAGE_URL ""
| #define PACKAGE "asio"
| #define VERSION "1.18.1"
| #define _REENTRANT 1
| #define STDC_HEADERS 1
| #define HAVE_SYS_TYPES_H 1
| #define HAVE_SYS_STAT_H 1
| #define HAVE_STDLIB_H 1
| #define HAVE_STRING_H 1
| #define HAVE_MEMORY_H 1
| #define HAVE_STRINGS_H 1
| #define HAVE_INTTYPES_H 1
| #define HAVE_STDINT_H 1
| #define HAVE_UNISTD_H 1
| /* end confdefs.h.  */
| #include <openssl/ssl.h>
configure:4927: result: no
configure:4927: checking for openssl/ssl.h
configure:4927: result: no
configure:5014: checking whether C++11 is enabled
configure:5029: g++ -c -g -O2 -ftemplate-depth-256  -I/usr/local/Cellar/boost/1.75.0/include/ -DASIO_ENABLE_BOOST -DBOOST_CHRONO_HEADER_ONLY -DBOOST_CHRONO_DONT_PROVIDE_HYBRID_ERROR_HANDLING conftest.cpp >&5
conftest.cpp:23:6: error: C++11 not available
    #error C++11 not available
     ^
1 error generated.
configure:5029: $? = 1
configure: failed program was:
| /* confdefs.h */
| #define PACKAGE_NAME "asio"
| #define PACKAGE_TARNAME "asio"
| #define PACKAGE_VERSION "1.18.1"
| #define PACKAGE_STRING "asio 1.18.1"
| #define PACKAGE_BUGREPORT ""
| #define PACKAGE_URL ""
| #define PACKAGE "asio"
| #define VERSION "1.18.1"
| #define _REENTRANT 1
| #define STDC_HEADERS 1
| #define HAVE_SYS_TYPES_H 1
| #define HAVE_SYS_STAT_H 1
| #define HAVE_STDLIB_H 1
| #define HAVE_STRING_H 1
| #define HAVE_MEMORY_H 1
| #define HAVE_STRINGS_H 1
| #define HAVE_INTTYPES_H 1
| #define HAVE_STDINT_H 1
| #define HAVE_UNISTD_H 1
| /* end confdefs.h.  */
| #if __cplusplus < 201103L
|     #error C++11 not available
|     #endif
| int
| main ()
| {
| 
|   ;
|   return 0;
| }
configure:5034: result: no
configure:5040: checking whether C++14 is enabled
configure:5060: g++ -c -g -O2 -ftemplate-depth-256  -I/usr/local/Cellar/boost/1.75.0/include/ -DASIO_ENABLE_BOOST -DBOOST_CHRONO_HEADER_ONLY -DBOOST_CHRONO_DONT_PROVIDE_HYBRID_ERROR_HANDLING conftest.cpp >&5
conftest.cpp:28:6: error: C++14 not available
    #error C++14 not available
     ^
1 error generated.
configure:5060: $? = 1
configure: failed program was:
| /* confdefs.h */
| #define PACKAGE_NAME "asio"
| #define PACKAGE_TARNAME "asio"
| #define PACKAGE_VERSION "1.18.1"
| #define PACKAGE_STRING "asio 1.18.1"
| #define PACKAGE_BUGREPORT ""
| #define PACKAGE_URL ""
| #define PACKAGE "asio"
| #define VERSION "1.18.1"
| #define _REENTRANT 1
| #define STDC_HEADERS 1
| #define HAVE_SYS_TYPES_H 1
| #define HAVE_SYS_STAT_H 1
| #define HAVE_STDLIB_H 1
| #define HAVE_STRING_H 1
| #define HAVE_MEMORY_H 1
| #define HAVE_STRINGS_H 1
| #define HAVE_INTTYPES_H 1
| #define HAVE_STDINT_H 1
| #define HAVE_UNISTD_H 1
| /* end confdefs.h.  */
| #if defined(__GNUC__) && !defined(__clang__)
|     # if (__GNUC__ <= 6)
|     #  error C++14 support on this compiler not sufficiently compliant
|     # endif
|     #endif
|     #if __cplusplus < 201402L
|     #error C++14 not available
|     #endif
| int
| main ()
| {
| 
|   ;
|   return 0;
| }
configure:5065: result: no
configure:5071: checking whether C++17 is enabled
configure:5086: g++ -c -g -O2 -ftemplate-depth-256  -I/usr/local/Cellar/boost/1.75.0/include/ -DASIO_ENABLE_BOOST -DBOOST_CHRONO_HEADER_ONLY -DBOOST_CHRONO_DONT_PROVIDE_HYBRID_ERROR_HANDLING conftest.cpp >&5
conftest.cpp:23:6: error: C++17 not available
    #error C++17 not available
     ^
1 error generated.
configure:5086: $? = 1
configure: failed program was:
| /* confdefs.h */
| #define PACKAGE_NAME "asio"
| #define PACKAGE_TARNAME "asio"
| #define PACKAGE_VERSION "1.18.1"
| #define PACKAGE_STRING "asio 1.18.1"
| #define PACKAGE_BUGREPORT ""
| #define PACKAGE_URL ""
| #define PACKAGE "asio"
| #define VERSION "1.18.1"
| #define _REENTRANT 1
| #define STDC_HEADERS 1
| #define HAVE_SYS_TYPES_H 1
| #define HAVE_SYS_STAT_H 1
| #define HAVE_STDLIB_H 1
| #define HAVE_STRING_H 1
| #define HAVE_MEMORY_H 1
| #define HAVE_STRINGS_H 1
| #define HAVE_INTTYPES_H 1
| #define HAVE_STDINT_H 1
| #define HAVE_UNISTD_H 1
| /* end confdefs.h.  */
| #if __cplusplus < 201703L
|     #error C++17 not available
|     #endif
| int
| main ()
| {
| 
|   ;
|   return 0;
| }
configure:5091: result: no
configure:5097: checking whether coroutines are enabled
configure:5125: g++ -c -g -O2 -ftemplate-depth-256  -I/usr/local/Cellar/boost/1.75.0/include/ -DASIO_ENABLE_BOOST -DBOOST_CHRONO_HEADER_ONLY -DBOOST_CHRONO_DONT_PROVIDE_HYBRID_ERROR_HANDLING conftest.cpp >&5
conftest.cpp:36:7: error: coroutines not available
    # error coroutines not available
      ^
1 error generated.
configure:5125: $? = 1
configure: failed program was:
| /* confdefs.h */
| #define PACKAGE_NAME "asio"
| #define PACKAGE_TARNAME "asio"
| #define PACKAGE_VERSION "1.18.1"
| #define PACKAGE_STRING "asio 1.18.1"
| #define PACKAGE_BUGREPORT ""
| #define PACKAGE_URL ""
| #define PACKAGE "asio"
| #define VERSION "1.18.1"
| #define _REENTRANT 1
| #define STDC_HEADERS 1
| #define HAVE_SYS_TYPES_H 1
| #define HAVE_SYS_STAT_H 1
| #define HAVE_STDLIB_H 1
| #define HAVE_STRING_H 1
| #define HAVE_MEMORY_H 1
| #define HAVE_STRINGS_H 1
| #define HAVE_INTTYPES_H 1
| #define HAVE_STDINT_H 1
| #define HAVE_UNISTD_H 1
| /* end confdefs.h.  */
| #if defined(__clang__)
|     # if (__cplusplus >= 201703) && (__cpp_coroutines >= 201703)
|     #  if __has_include(<experimental/coroutine>)
|     #   define ASIO_HAS_CO_AWAIT 1
|     #  endif
|     # endif
|     #elif defined(__GNUC__)
|     # if (__cplusplus >= 201709) && (__cpp_impl_coroutine >= 201902)
|     #  if __has_include(<coroutine>)
|     #   define ASIO_HAS_CO_AWAIT 1
|     #  endif
|     # endif
|     #endif
|     #ifndef ASIO_HAS_CO_AWAIT
|     # error coroutines not available
|     #endif
| int
| main ()
| {
| 
|   ;
|   return 0;
| }
configure:5130: result: no
configure:5368: checking that generated files are newer than configure
configure:5374: result: done
configure:5437: creating ./config.status

## ---------------------- ##
## Running config.status. ##
## ---------------------- ##

This file was extended by asio config.status 1.18.1, which was
generated by GNU Autoconf 2.69.  Invocation command line was

  CONFIG_FILES    = 
  CONFIG_HEADERS  = 
  CONFIG_LINKS    = 
  CONFIG_COMMANDS = 
  $ ./config.status 

on shenmengyedeMacBook-Pro.local

config.status:820: creating Makefile
config.status:820: creating include/Makefile
config.status:820: creating src/Makefile
config.status:820: creating src/tests/Makefile
config.status:820: creating src/tests/properties/Makefile
config.status:820: creating src/examples/cpp03/Makefile
config.status:820: creating src/examples/cpp11/Makefile
config.status:820: creating src/examples/cpp14/Makefile
config.status:820: creating src/examples/cpp17/Makefile
config.status:992: executing depfiles commands
config.status:1069: cd src/tests       && sed -e '/# am--include-marker/d' Makefile         | make -f - am--depfiles
config.status:1074: $? = 0
config.status:1069: cd src/tests/properties       && sed -e '/# am--include-marker/d' Makefile         | make -f - am--depfiles
config.status:1074: $? = 0
config.status:1069: cd src/examples/cpp03       && sed -e '/# am--include-marker/d' Makefile         | make -f - am--depfiles
config.status:1074: $? = 0
config.status:1069: cd src/examples/cpp11       && sed -e '/# am--include-marker/d' Makefile         | make -f - am--depfiles
config.status:1074: $? = 0
config.status:1069: cd src/examples/cpp14       && sed -e '/# am--include-marker/d' Makefile         | make -f - am--depfiles
config.status:1074: $? = 0
config.status:1069: cd src/examples/cpp17       && sed -e '/# am--include-marker/d' Makefile         | make -f - am--depfiles
config.status:1074: $? = 0

## ---------------- ##
## Cache variables. ##
## ---------------- ##

ac_cv_build=x86_64-apple-darwin19.6.0
ac_cv_c_compiler_gnu=yes
ac_cv_cxx_compiler_gnu=yes
ac_cv_env_CCC_set=
ac_cv_env_CCC_value=
ac_cv_env_CC_set=
ac_cv_env_CC_value=
ac_cv_env_CFLAGS_set=
ac_cv_env_CFLAGS_value=
ac_cv_env_CPPFLAGS_set=
ac_cv_env_CPPFLAGS_value=
ac_cv_env_CXXCPP_set=
ac_cv_env_CXXCPP_value=
ac_cv_env_CXXFLAGS_set=
ac_cv_env_CXXFLAGS_value=
ac_cv_env_CXX_set=
ac_cv_env_CXX_value=
ac_cv_env_LDFLAGS_set=
ac_cv_env_LDFLAGS_value=
ac_cv_env_LIBS_set=
ac_cv_env_LIBS_value=
ac_cv_env_build_alias_set=
ac_cv_env_build_alias_value=
ac_cv_env_host_alias_set=
ac_cv_env_host_alias_value=
ac_cv_env_target_alias_set=
ac_cv_env_target_alias_value=
ac_cv_header_boost_noncopyable_hpp=yes
ac_cv_header_inttypes_h=yes
ac_cv_header_memory_h=yes
ac_cv_header_openssl_ssl_h=no
ac_cv_header_stdc=yes
ac_cv_header_stdint_h=yes
ac_cv_header_stdlib_h=yes
ac_cv_header_string_h=yes
ac_cv_header_strings_h=yes
ac_cv_header_sys_stat_h=yes
ac_cv_header_sys_types_h=yes
ac_cv_header_unistd_h=yes
ac_cv_host=x86_64-apple-darwin19.6.0
ac_cv_objext=o
ac_cv_path_EGREP='/usr/bin/grep -E'
ac_cv_path_GREP=/usr/bin/grep
ac_cv_path_install='/usr/bin/install -c'
ac_cv_prog_AWK=awk
ac_cv_prog_CXXCPP='g++ -E'
ac_cv_prog_ac_ct_CC=gcc
ac_cv_prog_ac_ct_CXX=g++
ac_cv_prog_ac_ct_RANLIB=ranlib
ac_cv_prog_cc_c89=
ac_cv_prog_cc_g=yes
ac_cv_prog_cxx_g=yes
ac_cv_prog_make_make_set=yes
am_cv_CC_dependencies_compiler_type=gcc3
am_cv_CXX_dependencies_compiler_type=gcc3
am_cv_make_support_nested_variables=yes
am_cv_prog_cc_c_o=yes
am_cv_prog_tar_ustar=gnutar

## ----------------- ##
## Output variables. ##
## ----------------- ##

ACLOCAL='${SHELL} /Users/nomoshen/selfApp/asio-1.18.1/missing aclocal-1.16'
AMDEPBACKSLASH='\'
AMDEP_FALSE='#'
AMDEP_TRUE=''
AMTAR='$${TAR-tar}'
AM_BACKSLASH='\'
AM_DEFAULT_V='$(AM_DEFAULT_VERBOSITY)'
AM_DEFAULT_VERBOSITY='1'
AM_V='$(V)'
AUTOCONF='${SHELL} /Users/nomoshen/selfApp/asio-1.18.1/missing autoconf'
AUTOHEADER='${SHELL} /Users/nomoshen/selfApp/asio-1.18.1/missing autoheader'
AUTOMAKE='${SHELL} /Users/nomoshen/selfApp/asio-1.18.1/missing automake-1.16'
AWK='awk'
CC='gcc'
CCDEPMODE='depmode=gcc3'
CFLAGS='-g -O2'
CPPFLAGS=' -I/usr/local/Cellar/boost/1.75.0/include/ -DASIO_ENABLE_BOOST -DBOOST_CHRONO_HEADER_ONLY -DBOOST_CHRONO_DONT_PROVIDE_HYBRID_ERROR_HANDLING'
CXX='g++'
CXXCPP='g++ -E'
CXXDEPMODE='depmode=gcc3'
CXXFLAGS='-g -O2 -ftemplate-depth-256'
CYGPATH_W='echo'
DEFS='-DPACKAGE_NAME=\"asio\" -DPACKAGE_TARNAME=\"asio\" -DPACKAGE_VERSION=\"1.18.1\" -DPACKAGE_STRING=\"asio\ 1.18.1\" -DPACKAGE_BUGREPORT=\"\" -DPACKAGE_URL=\"\" -DPACKAGE=\"asio\" -DVERSION=\"1.18.1\" -D_REENTRANT=1 -DSTDC_HEADERS=1 -DHAVE_SYS_TYPES_H=1 -DHAVE_SYS_STAT_H=1 -DHAVE_STDLIB_H=1 -DHAVE_STRING_H=1 -DHAVE_MEMORY_H=1 -DHAVE_STRINGS_H=1 -DHAVE_INTTYPES_H=1 -DHAVE_STDINT_H=1 -DHAVE_UNISTD_H=1'
DEPDIR='.deps'
ECHO_C='\c'
ECHO_N=''
ECHO_T=''
EGREP='/usr/bin/grep -E'
EXEEXT=''
GREP='/usr/bin/grep'
HAVE_BOOST_COROUTINE_FALSE=''
HAVE_BOOST_COROUTINE_TRUE='#'
HAVE_COROUTINES_FALSE=''
HAVE_COROUTINES_TRUE='#'
HAVE_CXX11_FALSE=''
HAVE_CXX11_TRUE='#'
HAVE_CXX14_FALSE=''
HAVE_CXX14_TRUE='#'
HAVE_CXX17_FALSE=''
HAVE_CXX17_TRUE='#'
HAVE_OPENSSL_FALSE=''
HAVE_OPENSSL_TRUE='#'
INSTALL_DATA='${INSTALL} -m 644'
INSTALL_PROGRAM='${INSTALL}'
INSTALL_SCRIPT='${INSTALL}'
INSTALL_STRIP_PROGRAM='$(install_sh) -c -s'
LDFLAGS=''
LIBOBJS=''
LIBS=' -L/usr/local/Cellar/boost/1.75.0/include//stage/lib'
LTLIBOBJS=''
MAINT='#'
MAINTAINER_MODE_FALSE=''
MAINTAINER_MODE_TRUE='#'
MAKEINFO='${SHELL} /Users/nomoshen/selfApp/asio-1.18.1/missing makeinfo'
MKDIR_P='./install-sh -c -d'
OBJEXT='o'
PACKAGE='asio'
PACKAGE_BUGREPORT=''
PACKAGE_NAME='asio'
PACKAGE_STRING='asio 1.18.1'
PACKAGE_TARNAME='asio'
PACKAGE_URL=''
PACKAGE_VERSION='1.18.1'
PATH_SEPARATOR=':'
RANLIB='ranlib'
SEPARATE_COMPILATION_FALSE=''
SEPARATE_COMPILATION_TRUE='#'
SET_MAKE=''
SHELL='/bin/sh'
STANDALONE_FALSE=''
STANDALONE_TRUE='#'
STRIP=''
VERSION='1.18.1'
WINDOWS_TARGET_FALSE=''
WINDOWS_TARGET_TRUE='#'
ac_ct_CC='gcc'
ac_ct_CXX='g++'
am__EXEEXT_FALSE=''
am__EXEEXT_TRUE='#'
am__fastdepCC_FALSE='#'
am__fastdepCC_TRUE=''
am__fastdepCXX_FALSE='#'
am__fastdepCXX_TRUE=''
am__include='include'
am__isrc=''
am__leading_dot='.'
am__nodep='_no'
am__quote=''
am__tar='tar --format=ustar -chf - "$$tardir"'
am__untar='tar -xf -'
bindir='${exec_prefix}/bin'
build='x86_64-apple-darwin19.6.0'
build_alias=''
build_cpu='x86_64'
build_os='darwin19.6.0'
build_vendor='apple'
datadir='${datarootdir}'
datarootdir='${prefix}/share'
docdir='${datarootdir}/doc/${PACKAGE_TARNAME}'
dvidir='${docdir}'
exec_prefix='${prefix}'
host='x86_64-apple-darwin19.6.0'
host_alias=''
host_cpu='x86_64'
host_os='darwin19.6.0'
host_vendor='apple'
htmldir='${docdir}'
includedir='${prefix}/include'
infodir='${datarootdir}/info'
install_sh='${SHELL} /Users/nomoshen/selfApp/asio-1.18.1/install-sh'
libdir='${exec_prefix}/lib'
libexecdir='${exec_prefix}/libexec'
localedir='${datarootdir}/locale'
localstatedir='${prefix}/var'
mandir='${datarootdir}/man'
mkdir_p='$(MKDIR_P)'
oldincludedir='/usr/include'
pdfdir='${docdir}'
prefix='/usr/local'
program_transform_name='s,x,x,'
psdir='${docdir}'
sbindir='${exec_prefix}/sbin'
sharedstatedir='${prefix}/com'
sysconfdir='${prefix}/etc'
target_alias=''

## ----------- ##
## confdefs.h. ##
## ----------- ##

/* confdefs.h */
#define PACKAGE_NAME "asio"
#define PACKAGE_TARNAME "asio"
#define PACKAGE_VERSION "1.18.1"
#define PACKAGE_STRING "asio 1.18.1"
#define PACKAGE_BUGREPORT ""
#define PACKAGE_URL ""
#define PACKAGE "asio"
#define VERSION "1.18.1"
#define _REENTRANT 1
#define STDC_HEADERS 1
#define HAVE_SYS_TYPES_H 1
#define HAVE_SYS_STAT_H 1
#define HAVE_STDLIB_H 1
#define HAVE_STRING_H 1
#define HAVE_MEMORY_H 1
#define HAVE_STRINGS_H 1
#define HAVE_INTTYPES_H 1
#define HAVE_STDINT_H 1
#define HAVE_UNISTD_H 1

configure: exit 0
